  2Darray.c
C:\Users\terry\Desktop\Programing\DataStructure\C++\Exercise\2Darray.c(15,10): error C2109: 첨자는 배열 또는 포인터 형식을 사용해야 합니다.
C:\Users\terry\Desktop\Programing\DataStructure\C++\Exercise\2Darray.c(8,2): error C4996: 'scanf': This function or variable may be unsafe. Consider using scanf_s instead. To disable deprecation, use _CRT_SECURE_NO_WARNINGS. See online help for details.
  2Darrayq.c
C:\Users\terry\Desktop\Programing\DataStructure\C++\Exercise\2Darrayq.c(10,2): error C4996: 'scanf': This function or variable may be unsafe. Consider using scanf_s instead. To disable deprecation, use _CRT_SECURE_NO_WARNINGS. See online help for details.
  Exercise.c
C:\Users\terry\Desktop\Programing\DataStructure\C++\Exercise\Exercise.c(17,12): error C2065: 'i': 선언되지 않은 식별자입니다.
C:\Users\terry\Desktop\Programing\DataStructure\C++\Exercise\Exercise.c(11,2): error C4996: 'scanf': This function or variable may be unsafe. Consider using scanf_s instead. To disable deprecation, use _CRT_SECURE_NO_WARNINGS. See online help for details.
  inout 1q.c
C:\Users\terry\Desktop\Programing\DataStructure\C++\Exercise\inout 1q.c(28,13): error C4996: 'fopen': This function or variable may be unsafe. Consider using fopen_s instead. To disable deprecation, use _CRT_SECURE_NO_WARNINGS. See online help for details.
C:\Users\terry\Desktop\Programing\DataStructure\C++\Exercise\inout 1q.c(43,13): error C4996: 'fopen': This function or variable may be unsafe. Consider using fopen_s instead. To disable deprecation, use _CRT_SECURE_NO_WARNINGS. See online help for details.
  sequence 2.c
C:\Users\terry\Desktop\Programing\DataStructure\C++\Exercise\sequence 2.c(9,2): error C4996: 'scanf': This function or variable may be unsafe. Consider using scanf_s instead. To disable deprecation, use _CRT_SECURE_NO_WARNINGS. See online help for details.
  system.c
C:\Users\terry\Desktop\Programing\DataStructure\C++\Exercise\system.c(16,2): error C4996: 'scanf': This function or variable may be unsafe. Consider using scanf_s instead. To disable deprecation, use _CRT_SECURE_NO_WARNINGS. See online help for details.
C:\Users\terry\Desktop\Programing\DataStructure\C++\Exercise\system.c(20,3): error C4996: 'scanf': This function or variable may be unsafe. Consider using scanf_s instead. To disable deprecation, use _CRT_SECURE_NO_WARNINGS. See online help for details.
C:\Users\terry\Desktop\Programing\DataStructure\C++\Exercise\system.c(27,3): error C4996: 'scanf': This function or variable may be unsafe. Consider using scanf_s instead. To disable deprecation, use _CRT_SECURE_NO_WARNINGS. See online help for details.
C:\Users\terry\Desktop\Programing\DataStructure\C++\Exercise\system.c(40,8): warning C4244: '=': 'double'에서 'float'(으)로 변환하면서 데이터가 손실될 수 있습니다.
C:\Users\terry\Desktop\Programing\DataStructure\C++\Exercise\system.c(41,8): warning C4244: '=': 'double'에서 'float'(으)로 변환하면서 데이터가 손실될 수 있습니다.
C:\Users\terry\Desktop\Programing\DataStructure\C++\Exercise\system.c(49,6): warning C4244: '=': 'double'에서 'float'(으)로 변환하면서 데이터가 손실될 수 있습니다.
C:\Users\terry\Desktop\Programing\DataStructure\C++\Exercise\system.c(50,6): warning C4244: '=': 'double'에서 'float'(으)로 변환하면서 데이터가 손실될 수 있습니다.
  코드를 생성하고 있습니다...
